<?xml version="1.0" encoding="UTF-8" ?>
<testsuite tests="11" failures="0" name="com.project.test.converter.SuiteTest" time="0" errors="0" skipped="0">
  <properties>
[...]
</properties>
  <testcase classname="com.project.test.converter.NumberConverterFactoryTest" name="testOutOfRangeProcess" time="0"/>
  <testcase classname="com.project.test.converter.NumberConverterFactoryTest" name="testProcess" time="0"/>
  <testcase classname="com.project.test.converter.NumberConverterFactoryTest" name="testInvalidInputProcess" time="0"/>
  <testcase classname="com.project.test.converter.NumberConverterFactoryTest" name="testConverterNotDefinedProcess" time="0"/>
  <testcase classname="com.project.test.converter.service.MillionNumberWordConverterTest" name="testThousandConvertNumberToWord" time="0"/>
  <testcase classname="com.project.test.converter.service.MillionNumberWordConverterTest" name="testZeroDigitConvertNumberToWord" time="0"/>
  <testcase classname="com.project.test.converter.service.MillionNumberWordConverterTest" name="testConvertNumberToWord" time="0"/>
  <testcase classname="com.project.test.converter.service.MillionNumberWordConverterTest" name="testHundredConvertNumberToWord" time="0"/>
  <testcase classname="com.project.test.converter.service.WordGeneratorFromNumberUtilTest" name="testSingleDigitGetNumberWord" time="0"/>
  <testcase classname="com.project.test.converter.service.WordGeneratorFromNumberUtilTest" name="testTwoDigitGetNumberWord" time="0"/>
  <testcase classname="com.project.test.converter.service.WordGeneratorFromNumberUtilTest" name="testGetNumberWord" time="0"/>
</testsuite>